F00:0001       .include "\gba_example3_thumb_test_a\V1_Header.asm"
F01:0001       	;VGB: Header with dummy data
F01:0002       	;.arm                 ; Use arm instruction set.
F01:0003           ; header...
F01:0004           .org  0x08000000     ; GBA ROM Address starts at 0x08000000       
F01:0005       	.equ ProgBase,0;0x00000000
F01:0006           ;.section text			
F01:0007       
F01:0008       	.equ ramarea, 0x02000000
F01:0009       	
F01:0010       	.equ userram, 0x02000000
F01:0011       	
F01:0012       	.equ CursorX,ramarea+32
F01:0013       
F01:0014       	.equ MonitorWidth,6
F01:0015        
F01:0016       ;000h    4     ROM Entry Point  (32bit ARM branch opcode, eg. "B rom_start") 
F01:0017           b	GbaStart
               S01:08000000:  38 00 00 EA
F01:0018       
F01:0019       	.equ CursorX,ramarea+32
F01:0020       	.equ CursorY,ramarea+33
F01:0021       
F01:0022       	;.space 178					;Logo (omitted) + Program name
F01:0023       	;.byte 0x96					;Fixed value
F01:0024       	;.space 49					;Dummy Header
F01:0025       ;Standard, empty GBA header
F01:0026       .incbin "\gba_example_bins\gba_header.bin"
               S01:08000004:  00 00 00 00 00 00 00 00 00 00 00 00 00 00 00 00
               S01:08000014:  00 00 00 00 00 00 00 00 00 00 00 00 00 00 00 00
F01:0027       
F01:0028       GbaStart:
F01:0029       
F01:0030       
F00:0002       
F00:0003       	;adr r0,ThumbTest
F00:0004       	;add r0,r0,#1		;Bit 0=1 THUMB ON!
F00:0005       	;bx r0
F00:0006       .incbin "\gba_example_bins\gba_arm2thumb_jump_addr_00F4.bin"
               S01:080000E8:  04 00 8F E2 01 00 80 E2 10 FF 2F E1
F00:0007       
F00:0008       	.thumb				;Thumb mode
F00:0009       ThumbTest:
F00:0010       	;Arm 2 thumb entry point 0x00F4 is next line
F00:0011       label_:                              ;branch label
F00:0012       	ldr     r0, [pc, #0]
               S01:080000F4:  00 48
F00:0013       
F00:0014       	ldr r1,SPAddress	;Init Stack Pointer.
               S01:080000F6:  46 49
F00:0015       	mov sp,r1
               S01:080000F8:  8D 46
F00:0016       
F00:0017       	bl ScreenInit		;Init Screen
               S01:080000FA:  00 F0 41 FA
F00:0018       
F00:0019       	;b TestMoves
F00:0020       	;b TestAdds
F00:0021       	b TestRamRW
               S01:080000FE:  4A E0
F00:0022       
F00:0023       ;;;;;;;;;;;;;; Move values and Load immediate ;;;;;;;;;;;;;;
F00:0024       
F00:0025       TestMoves:		;MOV Rx,Val Rx = Val
F00:0026       
F00:0027       	mov r0,#0x12		;Move limited to 0-255 in thumb :-(
               S01:08000100:  12 20
F00:0028       	mov r1,#0xFF
               S01:08000102:  FF 21
F00:0029       
F00:0030       	;mov r1,#256			;This won't work :-(
F00:0031       
F00:0032       	bl MonitorR0R1
               S01:08000104:  00 F0 8E F8
F00:0033       
F00:0034       	mov r0,#0x10			;Load a hexadecimal value into a register
               S01:08000108:  10 20
F00:0035       	mov r1,#0b00000010		;Load a binary into a register (0x02)
               S01:0800010A:  02 21
F00:0036       
F00:0037       	bl MonitorR0R1
               S01:0800010C:  00 F0 8A F8
F00:0038       
F00:0039       	mov r0,#10				;Decimal 10
               S01:08000110:  0A 20
F00:0040       	mov r1,#65				;Ascii A - Decimal 	(0x41)
               S01:08000112:  41 21
F00:0041       
F00:0042       	bl MonitorR0R1
               S01:08000114:  00 F0 86 F8
F00:0043       
F00:0044       	bl NewLine
               S01:08000118:  00 F0 48 FA
F00:0045       
F00:0046       	mov r0,r1				;Transfer Reg to Reg
               S01:0800011C:  08 1C
F00:0047       
F00:0048       	bl MonitorR0R1
               S01:0800011E:  00 F0 81 F8
F00:0049       
F00:0050       	;mov r8,#10				;This won't work, Can't set R8-15 directly
F00:0051       	;Most commansd on ARM-Thumb only support R0-R7
F00:0052       
F00:0053       	mov r0,#10
               S01:08000122:  0A 20
F00:0054       	mov r8,r0				;This will work, set low reg r0-r7 first!
               S01:08000124:  80 46
F00:0055       
F00:0056       	bl MonitorR0R8
               S01:08000126:  00 F0 9F F8
F00:0057       
F00:0058       	bl NewLine
               S01:0800012A:  00 F0 3F FA
F00:0059       
F00:0060       	ldr r0,TestVal			;Load 32 bit value from address after PC
               S01:0800012E:  34 48
F00:0061       
F00:0062       	;ldr r8,TestVal			;This won't work, Reg 0-7 only
F00:0063       	;ldr r0,ThumbTest		;This won't work, Address must be below PC
F00:0064       
F00:0065       	bl MonitorR0R8
               S01:08000130:  00 F0 9A F8
F00:0066       
F00:0067       	bl NewLine
               S01:08000134:  00 F0 3A FA
F00:0068       
F00:0069       	;mov r1,#-4				;This won't work, can only load
F00:0070       
F00:0071       	mov r0,#0
               S01:08000138:  00 20
F00:0072       	sub r0,#4				;This will work
               S01:0800013A:  04 38
F00:0073       
F00:0074       	bl MonitorR0R1
               S01:0800013C:  00 F0 72 F8
F00:0075       
F00:0076       	mov r1,#8				;Load R1 with 8
               S01:08000140:  08 21
F00:0077       	mvn r0,r1				;Load R0 with NOT R1
               S01:08000142:  C8 43
F00:0078       	;mvn r0,#8				;This won't work, can only use
F00:0079       								;MVN with Register source
F00:0080       	bl MonitorR0R1
               S01:08000144:  00 F0 6E F8
F00:0081       
F00:0082       	neg r1,r1					;Negate R1
               S01:08000148:  49 42
F00:0083       
F00:0084       	bl MonitorR0R1
               S01:0800014A:  00 F0 6B F8
F00:0085       
F00:0086       	b InfLoop					;Halt
               S01:0800014E:  51 E0
F00:0087       
F00:0088       ;;;;;;;;;;;;;; Add and Subtract ;;;;;;;;;;;;;;
F00:0089       
F00:0090       TestAdds:
F00:0091       
F00:0092       	mov r0,#0
               S01:08000150:  00 20
F00:0093       	ldr r1,TestVal			;Load 32 bit value from address after PC
               S01:08000152:  2B 49
F00:0094       
F00:0095       	bl MonitorR0R1
               S01:08000154:  00 F0 66 F8
F00:0096       
F00:0097       	add r0,r1,#0x7			;R0=R1+7 (Short form - Values up to 7)
               S01:08000158:  C8 1D
F00:0098       	sub r1,r1,#0x7			;R1=R1-7 (Short form - Values up to 7)
               S01:0800015A:  C9 1F
F00:0099       
F00:0100       	;add r0,r1,#10			;This won't work, 0-7 only
F00:0101       
F00:0102       	bl MonitorR0R1
               S01:0800015C:  00 F0 62 F8
F00:0103       
F00:0104       	add r0,#0x10			;R0=R0+16 (value up to 255)
               S01:08000160:  10 30
F00:0105       	sub r1,#0x10			;R1=R1-16 (value up to 255)
               S01:08000162:  10 39
F00:0106       
F00:0107       	bl MonitorR0R1
               S01:08000164:  00 F0 5E F8
F00:0108       
F00:0109       	bl NewLine
               S01:08000168:  00 F0 20 FA
F00:0110       
F00:0111       	ldr r1,TestVal			;Load 32 bit value from address after PC
               S01:0800016C:  24 49
F00:0112       	mov r0,#0x20
               S01:0800016E:  20 20
F00:0113       	bl MonitorR0R1
               S01:08000170:  00 F0 58 F8
F00:0114       
F00:0115       	add r0,r0,r1			;R0=R0+R1
               S01:08000174:  40 18
F00:0116       	bl MonitorR0R1
               S01:08000176:  00 F0 55 F8
F00:0117       	sub r0,r0,r1			;R0=R0-R1
               S01:0800017A:  40 1A
F00:0118       	bl MonitorR0R1
               S01:0800017C:  00 F0 52 F8
F00:0119       
F00:0120       	bl NewLine
               S01:08000180:  00 F0 14 FA
F00:0121       
F00:0122       	mov r0,#8
               S01:08000184:  08 20
F00:0123       	ldr r1,TestVal
               S01:08000186:  1E 49
F00:0124       	mov r8,r1
               S01:08000188:  88 46
F00:0125       	bl MonitorR0R8
               S01:0800018A:  00 F0 6D F8
F00:0126       
F00:0127       	add r8,r0				;High Reg version of add R8=R8+r0
               S01:0800018E:  80 44
F00:0128       	;sub r8,r0				;Doesn't work - no Subtract version
F00:0129       
F00:0130       	bl MonitorR0R8
               S01:08000190:  00 F0 6A F8
F00:0131       
F00:0132       	b InfLoop				;Halt
               S01:08000194:  2E E0
F00:0133       
F00:0134       ;;;;;;;;;;;;;; Load and Store ;;;;;;;;;;;;;;
F00:0135       
F00:0136       TestRamRW:
F00:0137       
F00:0138       	bl ShowTestRam
               S01:08000196:  00 F0 3D F8
F00:0139       
F00:0140       	ldr r0,TestVal		;Load R0 from PC relative TestVal
               S01:0800019A:  19 48
F00:0141       	ldr r1,TestRam
               S01:0800019C:  19 49
F00:0142       
F00:0143       	str r0,[r1,#0]		;Store R0 to Address R0+0 (TestRam)
               S01:0800019E:  08 60
F00:0144       	str r0,[r1,#8]		;Store R0 to Address R0+8 (TestRam)
               S01:080001A0:  88 60
F00:0145       
F00:0146       	ldr r2,[r1,#0]		;Load R2 from Address R0+0 (TestRam)
               S01:080001A2:  0A 68
F00:0147       	ldr r3,[r1,#8]		;Load R3 from Address R0+8 (TestRam)
               S01:080001A4:  8B 68
F00:0148       
F00:0149       	bl MonitorR0R1R2R3
               S01:080001A6:  00 F0 49 F8
F00:0150       
F00:0151       	bl ShowTestRam
               S01:080001AA:  00 F0 33 F8
F00:0152       	bl NewLine
               S01:080001AE:  00 F0 FD F9
F00:0153       	mov r2,#4			;Final address must be 32 bit aligned for 32 bit load
               S01:080001B2:  04 22
F00:0154       	;mov r2,#4			;This will not work! (will work for LDRH)
F00:0155       	str r0,[r1,r2]		;offset in register
               S01:080001B4:  88 50
F00:0156       	bl ShowTestRam
               S01:080001B6:  00 F0 2D F8
F00:0157       
F00:0158       	bl NewLine
               S01:080001BA:  00 F0 F7 F9
F00:0159       
F00:0160       	ldr r2,TestRam		;Load R2 with our test data
               S01:080001BE:  11 4A
F00:0161       
F00:0162       	ldrb r0,[r2,#0]		;Load Unsigned byte
               S01:080001C0:  10 78
F00:0163       	ldrh r1,[r2,#0]		;Load Unsigned Half
               S01:080001C2:  11 88
F00:0164       
F00:0165       	bl MonitorR0R1
               S01:080001C4:  00 F0 2E F8
F00:0166       	bl NewLine
               S01:080001C8:  00 F0 F0 F9
F00:0167       
F00:0168       	mov r0,#0
               S01:080001CC:  00 20
F00:0169       	sub r0,r0,#1		;Set R0,R1 to 0xFFFFFFFF
               S01:080001CE:  40 1E
F00:0170       	mov r1,r0
               S01:080001D0:  01 1C
F00:0171       
F00:0172       	strb r0,[r2,#4]		;Load Unsigned byte
               S01:080001D2:  10 71
F00:0173       	strh r0,[r2,#8]		;Load Unsigned Half
               S01:080001D4:  10 81
F00:0174       	bl MonitorR0R1
               S01:080001D6:  00 F0 25 F8
F00:0175       	bl ShowTestRam
               S01:080001DA:  00 F0 1B F8
F00:0176       
F00:0177       
F00:0178       	mov r3,#2
               S01:080001DE:  02 23
F00:0179       	ldrb r0,[r2,r3]		;Load Unsigned byte - note top bits cleared
               S01:080001E0:  D0 5C
F00:0180       	ldrh r1,[r2,r3]		;Load Unsigned Half - note top bits cleared
               S01:080001E2:  D1 5A
F00:0181       
F00:0182       	bl MonitorR0R1
               S01:080001E4:  00 F0 1E F8
F00:0183       
F00:0184       	mov r3,#0			;Need to use 2 register addresses for these
               S01:080001E8:  00 23
F00:0185       	ldsb r0,[r2,r3]		;Load signed byte
               S01:080001EA:  D0 56
F00:0186       	ldsh r1,[r2,r3]		;Load signed Half (16 bit)
               S01:080001EC:  D1 5E
F00:0187       
F00:0188       	;Note: No need for signed versions of STR
F00:0189       	bl MonitorR0R1
               S01:080001EE:  00 F0 19 F8
F00:0190       
F00:0191       	b InfLoop					;Halt
               S01:080001F2:  FF E7
F00:0192       
F00:0193       InfLoop:
F00:0194           b InfLoop					;Halt
               S01:080001F4:  FE E7
F00:0195       
F00:0196       
F00:0197       	.align 4
F00:0198       TestVal:
F00:0199       	.long 0x22446688
               S01:08000200:  88 66 44 22
F00:0200       
F00:0201       TestRam:
F00:0202       	.long 0x0200F000
               S01:08000204:  00 F0 00 02
F00:0203       
F00:0204       
F00:0205       	.align 4
F00:0206       SPAddress:
F00:0207       	.long 0x03000000
               S01:08000210:  00 00 00 03
F00:0208       
F00:0209       ShowTestRam:
F00:0210       	push {r0-r7, lr}
               S01:08000214:  FF B5
F00:0211       		ldr	r0,TestRam2		;Address
               S01:08000216:  02 48
F00:0212       		mov r1,#2			;Lines
               S01:08000218:  02 21
F00:0213       		bl MemDump
               S01:0800021A:  00 F0 B6 FA
F00:0214       	pop {r0-r7, pc}
               S01:0800021E:  FF BD
F00:0215       TestRam2:
F00:0216       	.long 0x0200F000
               S01:08000220:  00 F0 00 02
F00:0217       
F00:0218       
F00:0219       MonitorR0R1:
F00:0220       	push {r0-r7, lr}
               S01:08000224:  FF B5
F00:0221       		mov r6,#0
               S01:08000226:  00 26
F00:0222       		mov r7,r0
               S01:08000228:  07 1C
F00:0223       		bl ShowReg ;ShowReg R6=R7
               S01:0800022A:  00 F0 6B FA
F00:0224       		mov r6,#1
               S01:0800022E:  01 26
F00:0225       		mov r7,r1
               S01:08000230:  0F 1C
F00:0226       		bl ShowReg ;ShowReg R6=R7
               S01:08000232:  00 F0 67 FA
F00:0227       		bl newline
               S01:08000236:  00 F0 B9 F9
F00:0228       	pop {r0-r7, pc}
               S01:0800023A:  FF BD
F00:0229       
F00:0230       MonitorR0R1R2R3:
F00:0231       	push {r0-r7, lr}
               S01:0800023C:  FF B5
F00:0232       		mov r6,#0
               S01:0800023E:  00 26
F00:0233       		mov r7,r0
               S01:08000240:  07 1C
F00:0234       		bl ShowReg ;ShowReg R6=R7
               S01:08000242:  00 F0 5F FA
F00:0235       		mov r6,#1
               S01:08000246:  01 26
F00:0236       		mov r7,r1
               S01:08000248:  0F 1C
F00:0237       		bl ShowReg ;ShowReg R6=R7
               S01:0800024A:  00 F0 5B FA
F00:0238       		bl newline
               S01:0800024E:  00 F0 AD F9
F00:0239       		mov r6,#2
               S01:08000252:  02 26
F00:0240       		mov r7,r2
               S01:08000254:  17 1C
F00:0241       		bl ShowReg ;ShowReg R6=R7
               S01:08000256:  00 F0 55 FA
F00:0242       		mov r6,#3
               S01:0800025A:  03 26
F00:0243       		mov r7,r3
               S01:0800025C:  1F 1C
F00:0244       		bl ShowReg ;ShowReg R6=R7
               S01:0800025E:  00 F0 51 FA
F00:0245       		bl newline
               S01:08000262:  00 F0 A3 F9
F00:0246       	pop {r0-r7, pc}
               S01:08000266:  FF BD
F00:0247       
F00:0248       MonitorR0R8:
F00:0249       	push {r0-r7, lr}
               S01:08000268:  FF B5
F00:0250       		mov r6,#0
               S01:0800026A:  00 26
F00:0251       		mov r7,r0
               S01:0800026C:  07 1C
F00:0252       		bl ShowReg ;ShowReg R6=R7
               S01:0800026E:  00 F0 49 FA
F00:0253       		mov r7,r8
               S01:08000272:  47 46
F00:0254       		bl ShowReg ;ShowReg R6=R7
               S01:08000274:  00 F0 46 FA
F00:0255       		bl newline
               S01:08000278:  00 F0 98 F9
F00:0256       	pop {r0-r7, pc}
               S01:0800027C:  FF BD
F00:0257       
F00:0258       
F00:0259       
F00:0260       
F00:0261       
F00:0262       
F00:0263       	.align 4
F00:0264       
F00:0265       BitmapFont:
F00:0266       	.incbin "\ResALL\Font96.FNT"
               S01:08000280:  00 00 00 00 00 00 00 00 10 18 18 18 18 00 18 00
               S01:08000290:  28 6C 28 00 00 00 00 00 00 28 7C 28 7C 28 00 00
F00:0267       
F00:0268       	.include "/srcALL/V1_Thumb_BitmapMemory.asm"
F02:0001       	.ifdef BuildROS
F02:0002       		.include "\SrcROS\V1_Thumb_BitmapMemory.asm"
F02:0003       	.endif
F02:0004       	.ifdef BuildGBA
F02:0005       		.ifdef Bmp256
F02:0006       			.include "\SrcGBA\V1_Thumb_BitmapMemory_256Color.asm"
F02:0007       		
F02:0008       		.else
F02:0009       			.include "\SrcGBA\V1_Thumb_BitmapMemory.asm"
F03:0001       
F03:0002       
F03:0003       ScreenInit:
F03:0004       ;Turn on the screen - ScreenMode 3 - 240x160 16 bit color
F03:0005       	push {r0-r6, lr}
               S01:08000580:  7F B5
F03:0006       		ldr r4,screenaddr  	;DISPCNT -LCD Control
               S01:08000582:  08 4C
F03:0007       		ldr r2,screensetting    		;4= Layer 2 on / 3= ScreenMode 3
               S01:08000584:  08 4A
F03:0008       		str	r2,[r4,#0]         	
               S01:08000586:  22 60
F03:0009       
F03:0010       		;Fill the screen	
F03:0011       		ldr r0,screenram	;Screen Ram
               S01:08000588:  27 48
F03:0012       			
F03:0013       		ldr r1,screencolor
               S01:0800058A:  05 49
F03:0014       		mov r2, #192
               S01:0800058C:  C0 22
F03:0015       		lsl r2,r2,#8 	;*256
               S01:0800058E:  12 02
F03:0016       
F03:0017       FillScreenLoop:
F03:0018       		strh r1,[r0,#0]		;Store+inc 2 bytes
               S01:08000590:  01 80
F03:0019       		add r0,#2
               S01:08000592:  02 30
F03:0020       		sub r2, #1		
               S01:08000594:  01 3A
F03:0021       		bne FillScreenLoop	
               S01:08000596:  FB D1
F03:0022       		
F03:0023       	pop {r0-r6, pc}
               S01:08000598:  7F BD
F03:0024       
F03:0025       	.align 4
F03:0026       screencolor:
F03:0027       	.long 0b1000000010001010	;  ABBBBBGGGGGRRRRR	A=Alpha
               S01:080005A0:  8A 80 00 00
F03:0028       screenaddr:
F03:0029       	.long 0x04000000
               S01:080005A4:  00 00 00 04
F03:0030       screensetting:
F03:0031       	.long 0x403
               S01:080005A8:  03 04 00 00
F03:0032       
F03:0033       ;;;;;;;;;;;;;;;;;;;;;;;;;;;;;;;;;;;;;;;;;;;;;;;;;;;;;;;;;;;;;;;;;;;;;;;;;;;;;;;;;;;;;;;;;;;;;;;;;;;;;;;;;;;;;;;
F03:0034       
F03:0035       	
F03:0036       
F03:0037       	  
F03:0038       NewLine:
F03:0039       	push {r0-r6, lr}
               S01:080005AC:  7F B5
F03:0040       		ldr r3,adrCursorX
               S01:080005AE:  1C 4B
F03:0041       		mov r0,#0
               S01:080005B0:  00 20
F03:0042       		strB r0,[r3,#0]	;X
               S01:080005B2:  18 70
F03:0043       		
F03:0044       		ldr r3,adrCursorY
               S01:080005B4:  1B 4B
F03:0045       		ldrB r0,[r3,#0]	;Y
               S01:080005B6:  18 78
F03:0046       		add r0,r0,#1
               S01:080005B8:  40 1C
F03:0047       		strB r0,[r3,#0]	;Y
               S01:080005BA:  18 70
F03:0048       	pop {r0-r6, pc}
               S01:080005BC:  7F BD
F03:0049       	
F03:0050       	.equ MonitorWidth,6
F03:0051       ;	.include "/srcALL/V1_Monitor.asm"
F03:0052       
F03:0053       
F03:0054       ;;;;;;;;;;;;;;;;;;;;;;;;;;;;;;;;;;;;;;;;;;;;;;;;;;;;;;;;;;;;;;;;;;;;;;;;;;;;;;;;;;;;;;;;;;;;;;;;;;;;;;;;;;;;;;;
F03:0055       		
F03:0056       	
F03:0057       
F03:0058       
F03:0059       ;;;;;;;;;;;;;;;;;;;;;;;;;;;;;;;;;;;;;;;;;;;;;;;;;;;;;;;;;;;;;;;;;;;;;;;;;;;;;;;;;;;;;;;;;;;;;;;;;;;;;;;;;;;;;;;
F03:0060       
F03:0061       PrintString:					;Print 255 terminated string 
F03:0062       	push {r0-r6, lr}
               S01:080005BE:  7F B5
F03:0063       PrintStringAgain:
F03:0064       		ldrB r0,[r1,#0]
               S01:080005C0:  08 78
F03:0065       		add r1,#1
               S01:080005C2:  01 31
F03:0066       		cmp r0,#255
               S01:080005C4:  FF 28
F03:0067       		beq PrintStringDone		;Repeat until 255
               S01:080005C6:  02 D0
F03:0068       		bl printchar 			;Print Char
               S01:080005C8:  00 F0 02 F8
F03:0069       		b PrintStringAgain
               S01:080005CC:  F8 E7
F03:0070       PrintStringDone:
F03:0071       	pop {r0-r6, pc}
               S01:080005CE:  7F BD
F03:0072       	
F03:0073       ;;;;;;;;;;;;;;;;;;;;;;;;;;;;;;;;;;;;;;;;;;;;;;;;;;;;;;;;;;;;;;;;;;;;;;;;;;;;;;;;;;;;;;;;;;;;;;;;;;;;;;;;;;;;;;;
F03:0074       	
F03:0075       	
F03:0076       PrintChar:
F03:0077       	push {r0-r7, lr}
               S01:080005D0:  FF B5
F03:0078       		mov r4,#0
               S01:080005D2:  00 24
F03:0079       		mov r5,#0
               S01:080005D4:  00 25
F03:0080       		
F03:0081       		ldr r3,adrCursorX		;LDR Rd, [pc, #immed_8x4]
               S01:080005D6:  12 4B
F03:0082       		ldrB r4,[r3,#0]	;X
               S01:080005D8:  1C 78
F03:0083       		
F03:0084       		ldr r3,adrCursorY
               S01:080005DA:  12 4B
F03:0085       		ldrB r5,[r3,#0]	;Y
               S01:080005DC:  1D 78
F03:0086       		
F03:0087       		ldr r3,screenram ;#0x06000000 ; VRAM
               S01:080005DE:  12 4B
F03:0088       		
F03:0089       		mov r6,#16			;Xpos 
               S01:080005E0:  10 26
F03:0090       		mul r6,r4
               S01:080005E2:  66 43
F03:0091       		add r3,r3,r6
               S01:080005E4:  9B 19
F03:0092       		
F03:0093       		ldr r6,LineSize		;Ypos 
               S01:080005E6:  11 4E
F03:0094       		mul r6,r5
               S01:080005E8:  6E 43
F03:0095       		add r3,r3,r6
               S01:080005EA:  9B 19
F03:0096       		
F03:0097       		ldr r4,BitmapFontAddress 	;Font source
               S01:080005EC:  13 4C
F03:0098       		sub r0,#32		;First Char is 32 (Space)
               S01:080005EE:  20 38
F03:0099       		lsl r0,r0,#3
               S01:080005F0:  C0 00
F03:0100       		add r4,r4,r0 ;r4,r0,asl #3	;8 bytes per char
               S01:080005F2:  24 18
F03:0101       		
F03:0102       		
F03:0103       		ldr r2, FontColor
               S01:080005F4:  0F 4A
F03:0104       		
F03:0105       		
F03:0106       		
F03:0107       		mov r6,#8			;8 lines 
               S01:080005F6:  08 26
F03:0108       DrawLine:
F03:0109       		mov r7,#8 			;8 pixels per line
               S01:080005F8:  08 27
F03:0110       		ldrb r1,[r4,#0]		;Load Letter
               S01:080005FA:  21 78
F03:0111       		add r4,#1
               S01:080005FC:  01 34
F03:0112       		ldr r5,BitMask	;Mask
               S01:080005FE:  0E 4D
F03:0113       
F03:0114       				;  ABBBBBGGGGGRRRRR	A=Alpha
F03:0115       		
F03:0116       DrawPixel:
F03:0117       		tst r1,r5			;Is bit 1?
               S01:08000600:  29 42
F03:0118       		beq DrawPixelSkip 
               S01:08000602:  00 D0
F03:0119       		strh r2,[r3,#0]		;Yes? then fill pixel
               S01:08000604:  1A 80
F03:0120       DrawPixelSkip:		
F03:0121       		add r3,r3,#2
               S01:08000606:  9B 1C
F03:0122       		lsr r5,r5,#1	;Bitshift Mask
               S01:08000608:  6D 08
F03:0123       		sub r7,r7,#1
               S01:0800060A:  7F 1E
F03:0124       		bne DrawPixel		;Next Hpixel
               S01:0800060C:  F8 D1
F03:0125       		ldr r0,LineSize2
               S01:0800060E:  08 48
F03:0126       		add r3,r3,r0	;Move Down a line
               S01:08000610:  1B 18
F03:0127       		sub r6,r6,#1
               S01:08000612:  76 1E
F03:0128       		bne DrawLine		;Next Vline
               S01:08000614:  F0 D1
F03:0129       		
F03:0130       		ldr r3,adrCursorX
               S01:08000616:  02 4B
F03:0131       		ldrB r0,[r3,#0]	
               S01:08000618:  18 78
F03:0132       		add r0,r0,#1		;Move across screen
               S01:0800061A:  40 1C
F03:0133       		strB r0,[r3,#0]	
               S01:0800061C:  18 70
F03:0134       	pop {r0-r7, pc}
               S01:0800061E:  FF BD
F03:0135       
F03:0136       	.align 4
F03:0137       adrCursorX:
F03:0138       	.long CursorX
               S01:08000620:  20 00 00 02
F03:0139       adrCursorY:
F03:0140       	.long CursorY
               S01:08000624:  21 00 00 02
F03:0141       screenram:
F03:0142       	.long 0x06000000
               S01:08000628:  00 00 00 06
F03:0143       LineSize:
F03:0144       	.long 240*8*2
               S01:0800062C:  00 0F 00 00
F03:0145       LineSize2:
F03:0146       	.long 480-16
               S01:08000630:  D0 01 00 00
F03:0147       FontColor:
F03:0148       	.long 0b1111111101000000
               S01:08000634:  40 FF 00 00
F03:0149       BitMask:
F03:0150       	.long 0b100000000
               S01:08000638:  00 01 00 00
F03:0151       BitmapFontAddress:
F03:0152       	.long BitmapFont
               S01:0800063C:  80 02 00 08
F03:0153       ;;;;;;;;;;;;;;;;;;;;;;;;;;;;;;;;;;;;;;;;;;;;;;;;;;;;;;;;;;;;;;;;;;;;;;;;;;;;;;;;;;;;;;;;;;;;;;;;;;;;;;;;;;;;;;;
F03:0154       	
F02:0010       		.endif
F02:0011       	.endif
F02:0012       	.ifdef BuildNDS
F02:0013       		.include "\SrcNDS\V1_Thumb_BitmapMemory.asm"
F02:0014       	.endif
F00:0269       	.include "/srcALL/V1_Thumb_Monitor.asm"
F04:0001       
F04:0002       Monitor:
F04:0003       	push {r0-r7, lr}
               S01:08000640:  FF B5
F04:0004       	push {r7}
               S01:08000642:  80 B4
F04:0005       	push {r6}
               S01:08000644:  40 B4
F04:0006       		mov r6,#0
               S01:08000646:  00 26
F04:0007       		mov r7,r0
               S01:08000648:  07 1C
F04:0008       		bl ShowReg ;ShowReg R6=R7
               S01:0800064A:  00 F0 5B F8
F04:0009       		mov r7,r8
               S01:0800064E:  47 46
F04:0010       		bl ShowReg ;ShowReg R6=R7
               S01:08000650:  00 F0 58 F8
F04:0011       		bl newline
               S01:08000654:  FF F7 AA FF
F04:0012       		
F04:0013       		mov r6,#1
               S01:08000658:  01 26
F04:0014       		mov r7,r1
               S01:0800065A:  0F 1C
F04:0015       		bl ShowReg ;ShowReg R6=R7
               S01:0800065C:  00 F0 52 F8
F04:0016       		mov r7,r9
               S01:08000660:  4F 46
F04:0017       		bl ShowReg ;ShowReg R6=R7
               S01:08000662:  00 F0 4F F8
F04:0018       		bl newline
               S01:08000666:  FF F7 A1 FF
F04:0019       		
F04:0020       		mov r6,#2
               S01:0800066A:  02 26
F04:0021       		mov r7,r2
               S01:0800066C:  17 1C
F04:0022       		bl ShowReg ;ShowReg R6=R7
               S01:0800066E:  00 F0 49 F8
F04:0023       		mov r7,r10
               S01:08000672:  57 46
F04:0024       		bl ShowReg ;ShowReg R6=R7
               S01:08000674:  00 F0 46 F8
F04:0025       		bl newline
               S01:08000678:  FF F7 98 FF
F04:0026       		
F04:0027       		mov r6,#3
               S01:0800067C:  03 26
F04:0028       		mov r7,r3
               S01:0800067E:  1F 1C
F04:0029       		bl ShowReg ;ShowReg R6=R7
               S01:08000680:  00 F0 40 F8
F04:0030       		mov r7,r11
               S01:08000684:  5F 46
F04:0031       		bl ShowReg ;ShowReg R6=R7
               S01:08000686:  00 F0 3D F8
F04:0032       		bl newline
               S01:0800068A:  FF F7 8F FF
F04:0033       		
F04:0034       		mov r6,#4
               S01:0800068E:  04 26
F04:0035       		mov r7,r4
               S01:08000690:  27 1C
F04:0036       		bl ShowReg ;ShowReg R6=R7
               S01:08000692:  00 F0 37 F8
F04:0037       		mov r7,r12
               S01:08000696:  67 46
F04:0038       		bl ShowReg ;ShowReg R6=R7
               S01:08000698:  00 F0 34 F8
F04:0039       		bl newline
               S01:0800069C:  FF F7 86 FF
F04:0040       		
F04:0041       		mov r6,#5
               S01:080006A0:  05 26
F04:0042       		mov r7,r5
               S01:080006A2:  2F 1C
F04:0043       		bl ShowReg ;ShowReg R6=R7
               S01:080006A4:  00 F0 2E F8
F04:0044       		mov r7,r13
               S01:080006A8:  6F 46
F04:0045       		add r7,#44
               S01:080006AA:  2C 37
F04:0046       		bl ShowReg ;ShowReg R6=R7
               S01:080006AC:  00 F0 2A F8
F04:0047       		bl newline
               S01:080006B0:  FF F7 7C FF
F04:0048       		
F04:0049       		mov r6,#6
               S01:080006B4:  06 26
F04:0050       	pop {r7}
               S01:080006B6:  80 BC
F04:0051       		bl ShowReg ;ShowReg R6=R7
               S01:080006B8:  00 F0 24 F8
F04:0052       		mov r7,r14
               S01:080006BC:  77 46
F04:0053       		bl ShowReg ;ShowReg R6=R7
               S01:080006BE:  00 F0 21 F8
F04:0054       		bl newline
               S01:080006C2:  FF F7 73 FF
F04:0055       		
F04:0056       		mov r6,#7
               S01:080006C6:  07 26
F04:0057       	pop {r7}
               S01:080006C8:  80 BC
F04:0058       		bl ShowReg ;ShowReg R6=R7
               S01:080006CA:  00 F0 1B F8
F04:0059       		mov r7,r15
               S01:080006CE:  7F 46
F04:0060       		bl ShowReg ;ShowReg R6=R7
               S01:080006D0:  00 F0 18 F8
F04:0061       		bl newline	
               S01:080006D4:  FF F7 6A FF
F04:0062       		
F04:0063       	pop {r0-r7, pc}
               S01:080006D8:  FF BD
F04:0064       	
F04:0065       	
F04:0066       	
F04:0067       ShowRegLR:		
F04:0068       		mov r0,#76 ; L
               S01:080006DA:  4C 20
F04:0069       		bl PrintChar
               S01:080006DC:  FF F7 78 FF
F04:0070       		
F04:0071       		mov r0,#82 ; R
               S01:080006E0:  52 20
F04:0072       		bl PrintChar
               S01:080006E2:  FF F7 75 FF
F04:0073       	b ShowRegB
               S01:080006E6:  1A E0
F04:0074       
F04:0075       	
F04:0076       ShowRegSP:		
F04:0077       		mov r0,#83 ; S
               S01:080006E8:  53 20
F04:0078       		bl PrintChar
               S01:080006EA:  FF F7 71 FF
F04:0079       		
F04:0080       		mov r0,#80 ; P
               S01:080006EE:  50 20
F04:0081       		bl PrintChar
               S01:080006F0:  FF F7 6E FF
F04:0082       	b ShowRegB
               S01:080006F4:  13 E0
F04:0083       	
F04:0084       ShowRegPC:		
F04:0085       		mov r0,#80 ; P
               S01:080006F6:  50 20
F04:0086       		bl PrintChar
               S01:080006F8:  FF F7 6A FF
F04:0087       		
F04:0088       		mov r0,#67 ; C
               S01:080006FC:  43 20
F04:0089       		bl PrintChar	
               S01:080006FE:  FF F7 67 FF
F04:0090       	b ShowRegB
               S01:08000702:  0C E0
F04:0091       	
F04:0092       ShowReg:					;ShowReg R6=R7
F04:0093       	push {r0-r5,r7, lr}
               S01:08000704:  BF B5
F04:0094       		cmp r6,#15
               S01:08000706:  0F 2E
F04:0095       		beq ShowRegPC
               S01:08000708:  F5 D0
F04:0096       		
F04:0097       		cmp r6,#14
               S01:0800070A:  0E 2E
F04:0098       		beq ShowRegLR
               S01:0800070C:  E5 D0
F04:0099       		cmp r6,#13
               S01:0800070E:  0D 2E
F04:0100       		beq ShowRegSP
               S01:08000710:  EA D0
F04:0101       		
F04:0102       		
F04:0103       		mov r0,#82 ; D
               S01:08000712:  52 20
F04:0104       		bl PrintChar
               S01:08000714:  FF F7 5C FF
F04:0105       		
F04:0106       		mov r0,r6 ; 0
               S01:08000718:  30 1C
F04:0107       		bl ShowHexChar
               S01:0800071A:  00 F0 2C F8
F04:0108       ShowRegB:		
F04:0109       		mov r0,#58 ; :
               S01:0800071E:  3A 20
F04:0110       		bl PrintChar
               S01:08000720:  FF F7 56 FF
F04:0111       		
F04:0112       		bl ShowHex32
               S01:08000724:  00 F0 0D F8
F04:0113       		add r6,#8
               S01:08000728:  08 36
F04:0114       		
F04:0115       		mov r0,#32 ; space
               S01:0800072A:  20 20
F04:0116       		bl PrintChar
               S01:0800072C:  FF F7 50 FF
F04:0117       	pop {r0-r5,r7, pc}
               S01:08000730:  BF BD
F04:0118       ShowHex:
F04:0119       	push {r0-r7, lr}
               S01:08000732:  FF B5
F04:0120       		LSR r0,r7,#4
               S01:08000734:  38 09
F04:0121       		bl ShowHexChar 			;Print Char
               S01:08000736:  00 F0 1E F8
F04:0122       		mov r0,r7
               S01:0800073A:  38 1C
F04:0123       		bl ShowHexChar 			;Print Char
               S01:0800073C:  00 F0 1B F8
F04:0124       	pop {r0-r7, pc}
               S01:08000740:  FF BD
F04:0125       	
F04:0126       	
F04:0127       ShowHex32:			;Show 32 bit val R7
F04:0128       	push {r0-r7, lr}
               S01:08000742:  FF B5
F04:0129       		LSR r0,r7,#28
               S01:08000744:  38 0F
F04:0130       		bl ShowHexChar 			;Print Char
               S01:08000746:  00 F0 16 F8
F04:0131       		LSR r0,r7,#24
               S01:0800074A:  38 0E
F04:0132       		bl ShowHexChar 			;Print Char
               S01:0800074C:  00 F0 13 F8
F04:0133       		LSR r0,r7,#20
               S01:08000750:  38 0D
F04:0134       		bl ShowHexChar 			;Print Char
               S01:08000752:  00 F0 10 F8
F04:0135       		LSR r0,r7,#16
               S01:08000756:  38 0C
F04:0136       		bl ShowHexChar 			;Print Char
               S01:08000758:  00 F0 0D F8
F04:0137       		LSR r0,r7,#12
               S01:0800075C:  38 0B
F04:0138       		bl ShowHexChar 			;Print Char
               S01:0800075E:  00 F0 0A F8
F04:0139       		LSR r0,r7,#8
               S01:08000762:  38 0A
F04:0140       		bl ShowHexChar 			;Print Char
               S01:08000764:  00 F0 07 F8
F04:0141       		LSR r0,r7,#4
               S01:08000768:  38 09
F04:0142       		bl ShowHexChar 			;Print Char
               S01:0800076A:  00 F0 04 F8
F04:0143       		mov r0,r7
               S01:0800076E:  38 1C
F04:0144       		bl ShowHexChar 			;Print Char
               S01:08000770:  00 F0 01 F8
F04:0145       	pop {r0-r7, pc}
               S01:08000774:  FF BD
F04:0146       	
F04:0147       	
F04:0148       
F04:0149       
F04:0150       ShowHexChar:
F04:0151       	push {r0-r7, lr}
               S01:08000776:  FF B5
F04:0152       		mov r2,#0xF
               S01:08000778:  0F 22
F04:0153       		and r0,r2
               S01:0800077A:  10 40
F04:0154       		cmp r0,#10
               S01:0800077C:  0A 28
F04:0155       		blt ShowHexN
               S01:0800077E:  00 DB
F04:0156       		add r0,#7
               S01:08000780:  07 30
F04:0157       ShowHexN:
F04:0158       		add r0,#48
               S01:08000782:  30 30
F04:0159       		bl PrintChar
               S01:08000784:  FF F7 24 FF
F04:0160       	pop {r0-r7, pc}
               S01:08000788:  FF BD
F04:0161       	;STMFD sp!,{r0-r12, lr}
F04:0162       		;mov r3,
F04:0163       		;and r0,r2,#0x0F ; r3
F04:0164       		;cmp r0,#10
F04:0165       		;addge r0,r0,#7
F04:0166       		;add r0,r0,#48
F04:0167       		;bl PrintChar	
F04:0168       	;LDMFD sp!,{r0-r12, pc}	
F04:0169       	
F04:0170       ;;;;;;;;;;;;;;;;;;;;;;;;;;;;;;;;;;;;;;;;;;;;;;;;;;;;;;;;;;;;;;;;;;;;;;;;;;;;;;;;;;;;;;;;;;;;;;;
F04:0171       
F04:0172       
F04:0173       
F04:0174       	  
F04:0175       	;mov	r0,#userram		;Address
F04:0176       	;mov r1,#2				;Lines
F04:0177       	;bl MemDump
F04:0178       MemDump:				
F04:0179       	push {r0-r7, lr}
               S01:0800078A:  FF B5
F04:0180       		mov r4,r0
               S01:0800078C:  04 1C
F04:0181       		mov r7,r0
               S01:0800078E:  07 1C
F04:0182       		bl ShowHex32
               S01:08000790:  FF F7 D7 FF
F04:0183       		mov r0,#58 ; :
               S01:08000794:  3A 20
F04:0184       		bl PrintChar
               S01:08000796:  FF F7 1B FF
F04:0185       		bl NewLine
               S01:0800079A:  FF F7 07 FF
F04:0186       
F04:0187       MemDumpNextLine:
F04:0188       		mov r3,#0
               S01:0800079E:  00 23
F04:0189       MemDumpAgain:			
F04:0190       		ldrb r7,[r4,r3]
               S01:080007A0:  E7 5C
F04:0191       		bl ShowHex
               S01:080007A2:  FF F7 C6 FF
F04:0192       		
F04:0193       		mov r0,#32 ; space
               S01:080007A6:  20 20
F04:0194       		bl PrintChar
               S01:080007A8:  FF F7 12 FF
F04:0195       		
F04:0196       		add r3,r3,#1
               S01:080007AC:  5B 1C
F04:0197       		cmp r3,#MonitorWidth
               S01:080007AE:  06 2B
F04:0198       		bne MemDumpAgain
               S01:080007B0:  F6 D1
F04:0199       		
F04:0200       		mov r3,#0
               S01:080007B2:  00 23
F04:0201       MemDumpAgainB:
F04:0202       		mov r0,#0
               S01:080007B4:  00 20
F04:0203       		ldrb r0,[r4,r3]
               S01:080007B6:  E0 5C
F04:0204       		bl PrintCharSafe
               S01:080007B8:  00 F0 09 F8
F04:0205       		add r3,r3,#1
               S01:080007BC:  5B 1C
F04:0206       		cmp r3,#MonitorWidth
               S01:080007BE:  06 2B
F04:0207       		bne MemDumpAgainB
               S01:080007C0:  F8 D1
F04:0208       		add r4,r4,r3
               S01:080007C2:  E4 18
F04:0209       		bl NewLine
               S01:080007C4:  FF F7 F2 FE
F04:0210       		
F04:0211       		sub r1,r1,#1
               S01:080007C8:  49 1E
F04:0212       		bne MemDumpNextLine
               S01:080007CA:  E8 D1
F04:0213       	pop {r0-r7, pc}
               S01:080007CC:  FF BD
F04:0214       	
F04:0215       PrintCharSafe:
F04:0216       	push {r0-r7, lr}
               S01:080007CE:  FF B5
F04:0217       		cmp r0,#32
               S01:080007D0:  20 28
F04:0218       		blt PrintCharNG
               S01:080007D2:  04 DB
F04:0219       
F04:0220       		cmp r0,#128
               S01:080007D4:  80 28
F04:0221       		bgt PrintCharNG
               S01:080007D6:  02 DC
F04:0222       		
F04:0223       		bl printchar
               S01:080007D8:  FF F7 FA FE
F04:0224       	pop {r0-r7, pc}
               S01:080007DC:  FF BD
F04:0225       PrintCharNG:	  
F04:0226       		mov r0,#46 ;'.'
               S01:080007DE:  2E 20
F04:0227       		bl printchar
               S01:080007E0:  FF F7 F6 FE
F04:0228       	pop {r0-r7, pc}
               S01:080007E4:  FF BD
F04:0229       	  
F04:0230       	  	  
F04:0231       	  
F04:0232       	  
F04:0233       	  
F04:0234       	  
F04:0235       	  
F04:0236       	  
F04:0237       	  
F00:0270       
F00:0271       	.include "/srcALL/V1_Thumb_Footer.asm"
F05:0001       	.ifdef BuildNDS
F05:0002       		.include "\SrcNDS\V1_Thumb_Footer.asm"
F05:0003       	.endif
F00:0272       


Sections:
S01  seg8000000


Sources:
F00  Thumb_Lesson1.asm
F01  \gba_example3_thumb_test_a\V1_Header.asm
F02  \srcALL\V1_Thumb_BitmapMemory.asm
F03  \SrcGBA\V1_Thumb_BitmapMemory.asm
F04  \srcALL\V1_Thumb_Monitor.asm
F05  \srcALL\V1_Thumb_Footer.asm


Symbols:
PrintCharNG EXPR(134219742=0x80007de) ABS 
PrintCharSafe EXPR(134219726=0x80007ce) ABS 
MemDumpAgainB EXPR(134219700=0x80007b4) ABS 
MemDumpAgain EXPR(134219680=0x80007a0) ABS 
MemDumpNextLine EXPR(134219678=0x800079e) ABS 
ShowHexN EXPR(134219650=0x8000782) ABS 
ShowHex EXPR(134219570=0x8000732) ABS 
ShowHex32 EXPR(134219586=0x8000742) ABS 
ShowHexChar EXPR(134219638=0x8000776) ABS 
ShowRegPC EXPR(134219510=0x80006f6) ABS 
ShowRegSP EXPR(134219496=0x80006e8) ABS 
ShowRegB EXPR(134219550=0x800071e) ABS 
ShowRegLR EXPR(134219482=0x80006da) ABS 
Monitor EXPR(134219328=0x8000640) UNUSED ABS 
LineSize2 EXPR(134219312=0x8000630) ABS 
DrawPixelSkip EXPR(134219270=0x8000606) ABS 
DrawPixel EXPR(134219264=0x8000600) ABS 
BitMask EXPR(134219320=0x8000638) ABS 
DrawLine EXPR(134219256=0x80005f8) ABS 
FontColor EXPR(134219316=0x8000634) ABS 
BitmapFontAddress EXPR(134219324=0x800063c) ABS 
LineSize EXPR(134219308=0x800062c) ABS 
printchar EXPR(134219216=0x80005d0) ABS 
PrintStringDone EXPR(134219214=0x80005ce) ABS 
PrintStringAgain EXPR(134219200=0x80005c0) ABS 
PrintString EXPR(134219198=0x80005be) UNUSED ABS 
adrCursorY EXPR(134219300=0x8000624) ABS 
adrCursorX EXPR(134219296=0x8000620) ABS 
FillScreenLoop EXPR(134219152=0x8000590) ABS 
screencolor EXPR(134219168=0x80005a0) ABS 
screenram EXPR(134219304=0x8000628) ABS 
screensetting EXPR(134219176=0x80005a8) ABS 
screenaddr EXPR(134219172=0x80005a4) ABS 
BitmapFont EXPR(134218368=0x8000280) ABS 
ShowReg EXPR(134219524=0x8000704) ABS 
MemDump EXPR(134219658=0x800078a) ABS 
TestRam2 EXPR(134218272=0x8000220) ABS 
MonitorR0R1R2R3 EXPR(134218300=0x800023c) ABS 
TestRam EXPR(134218244=0x8000204) ABS 
ShowTestRam EXPR(134218260=0x8000214) ABS 
TestAdds EXPR(134218064=0x8000150) UNUSED ABS 
InfLoop EXPR(134218228=0x80001f4) ABS 
TestVal EXPR(134218240=0x8000200) ABS 
MonitorR0R8 EXPR(134218344=0x8000268) ABS 
NewLine EXPR(134219180=0x80005ac) ABS 
MonitorR0R1 EXPR(134218276=0x8000224) ABS 
TestMoves EXPR(134217984=0x8000100) UNUSED ABS 
TestRamRW EXPR(134218134=0x8000196) ABS 
ScreenInit EXPR(134219136=0x8000580) ABS 
SPAddress EXPR(134218256=0x8000210) ABS 
label_ EXPR(134217972=0x80000f4) UNUSED ABS 
ThumbTest EXPR(134217972=0x80000f4) UNUSED ABS 
CursorY EXPR(33554465=0x2000021) 
GbaStart EXPR(134217960=0x80000e8) ABS 
MonitorWidth EXPR(6=0x6) 
CursorX EXPR(33554464=0x2000020) 
userram EXPR(33554432=0x2000000) UNUSED 
ramarea EXPR(33554432=0x2000000) 
ProgBase EXPR(0=0x0) UNUSED 
__VASM EXPR(0=0x0) INTERNAL 
BuildGBA EXPR(1=0x1) UNUSED 
vasm EXPR(1=0x1) UNUSED 
__MSDOSFS EXPR(0=0x0) INTERNAL 

There have been no errors.
