F00:0012       			LSL     R0, R1, #0      ;5.1
               S01:000000F4:  08 00
F00:0013       			LSL     R0, R1, #31
               S01:000000F6:  C8 07
F00:0014       			LSR     R0, R1, #0
               S01:000000F8:  08 08
F00:0015       			LSR     R0, R1, #31
               S01:000000FA:  C8 0F
F00:0016       			ASR     R0, R1, #0
               S01:000000FC:  08 10
F00:0017       			ASR     R0, R1, #31
               S01:000000FE:  C8 17
F00:0018       			ADD     R0, R1, R2      ;5.2
               S01:00000100:  88 18
F00:0019       			ADD     R0, R1, #7
               S01:00000102:  C8 1D
F00:0020       			SUB     R0, R1, R2
               S01:00000104:  88 1A
F00:0021       			SUB     R0, R1, #7
               S01:00000106:  C8 1F
F00:0022       			MOV     R0, #0          ;5.3
               S01:00000108:  00 20
F00:0023       			MOV     R0, #255
               S01:0000010A:  FF 20
F00:0024       			CMP     R0, #0
               S01:0000010C:  00 28
F00:0025       			CMP     R0, #255
               S01:0000010E:  FF 28
F00:0026       			ADD     R0, #0
               S01:00000110:  00 30
F00:0027       			ADD     R0, #255
               S01:00000112:  FF 30
F00:0028       			SUB     R0, #0
               S01:00000114:  00 38
F00:0029       			SUB     R0, #255
               S01:00000116:  FF 38
F00:0030       			AND     R0, R1          ;5.4
               S01:00000118:  08 40
F00:0031       			EOR     R0, R1
               S01:0000011A:  48 40
F00:0032       			LSL     R0, R1
               S01:0000011C:  88 40
F00:0033       			LSR     R0, R1
               S01:0000011E:  C8 40
F00:0034       			ASR     R0, R1
               S01:00000120:  08 41
F00:0035       			ADC     R0, R1
               S01:00000122:  48 41
F00:0036       			SBC     R0, R1
               S01:00000124:  88 41
F00:0037       			ROR     R0, R1
               S01:00000126:  C8 41
F00:0038       			TST     R0, R1
               S01:00000128:  08 42
F00:0039       			NEG     R0, R1
               S01:0000012A:  48 42
F00:0040       			CMP     R0, R1
               S01:0000012C:  88 42
F00:0041       			CMN     R0, R1
               S01:0000012E:  C8 42
F00:0042       			ORR     R0, R1
               S01:00000130:  08 43
F00:0043       			MUL     R0, R1
               S01:00000132:  48 43
F00:0044       			BIC     R0, R1
               S01:00000134:  88 43
F00:0045       			MVN     R0, R1
               S01:00000136:  C8 43
F00:0046       			ADD     R0, R8          ;5.5
               S01:00000138:  40 44
F00:0047       			ADD     R8, R0
               S01:0000013A:  80 44
F00:0048       			ADD     R8, R9
               S01:0000013C:  C8 44
F00:0049       			CMP     R0, R8
               S01:0000013E:  40 45
F00:0050       			CMP     R8, R0
               S01:00000140:  80 45
F00:0051       			CMP     R8, R9
               S01:00000142:  C8 45
F00:0052       			MOV     R0, R8
               S01:00000144:  40 46
F00:0053       			MOV     R8, R0
               S01:00000146:  80 46
F00:0054       			MOV     R8, R9
               S01:00000148:  C8 46
F00:0055       			BX      R0
               S01:0000014A:  00 47
F00:0056       			BX      R8
               S01:0000014C:  40 47
F00:0057       			LDR     R0, [PC, #0]    ;5.6
               S01:0000014E:  00 48
F00:0058       			LDR     R0, [PC, #1020]
               S01:00000150:  FF 48
F00:0059       			STR     R0, [R1, R2]    ;5.7
               S01:00000152:  88 50
F00:0060       			STRB    R0, [R1, R2]
               S01:00000154:  88 54
F00:0061       			LDR     R0, [R1, R2]
               S01:00000156:  88 58
F00:0062       			LDRB    R0, [R1, R2]
               S01:00000158:  88 5C
F00:0063       			STRH    R0, [R1, R2]    ;5.8
               S01:0000015A:  88 52
F00:0064       			LDRH    R0, [R1, R2]
               S01:0000015C:  88 5A
F00:0065       			LDSB    R0, [R1, R2]
               S01:0000015E:  88 56
F00:0066       			LDSH    R0, [R1, R2]
               S01:00000160:  88 5E
F00:0067       			STR     R0, [R1, #0]    ;5.9
               S01:00000162:  08 60
F00:0068       			STR     R0, [R1, #124]
               S01:00000164:  C8 67
F00:0069       			LDR     R0, [R1, #0]
               S01:00000166:  08 68
F00:0070       			LDR     R0, [R1, #124]
               S01:00000168:  C8 6F
F00:0071       			STRB    R0, [R1, #0]
               S01:0000016A:  08 70
F00:0072       			STRB    R0, [R1, #31]
               S01:0000016C:  C8 77
F00:0073       			LDRB    R0, [R1, #0]
               S01:0000016E:  08 78
F00:0074       			LDRB    R0, [R1, #31]
               S01:00000170:  C8 7F
F00:0075       			STRH    R0, [R1, #0]    ;5.10
               S01:00000172:  08 80
F00:0076       			STRH    R0, [R1, #62]
               S01:00000174:  C8 87
F00:0077       			LDRH    R0, [R1, #0]
               S01:00000176:  08 88
F00:0078       			LDRH    R0, [R1, #62]
               S01:00000178:  C8 8F
F00:0079       			STR     R0, [SP, #0]    ;5.11
               S01:0000017A:  00 90
F00:0080       			STR     R0, [SP, #1020]
               S01:0000017C:  FF 90
F00:0081       			LDR     R0, [SP, #0]
               S01:0000017E:  00 98
F00:0082       			LDR     R0, [SP, #1020]
               S01:00000180:  FF 98
F00:0083       			ADD     R0, PC, #0      ;5.12
               S01:00000182:  00 A0
F00:0084       			ADD     R0, PC, #1020
               S01:00000184:  FF A0
F00:0085       			ADD     R0, SP, #0
               S01:00000186:  00 A8
F00:0086       			ADD     R0, SP, #1020
               S01:00000188:  FF A8
F00:0087       			ADD     SP, #0          ;5.13
               S01:0000018A:  00 B0
F00:0088       			ADD     SP, #508
               S01:0000018C:  7F B0
F00:0089       			;ADD     SP, #-508		;vAsm: "Illegal out of range"	ARMThumb_Sim Asm: B0FC, 1011000011111100	ShellStorm Asm: B0FF, 1011
F00:0090       			PUSH    {R0, R1}        ;5.14
               S01:0000018E:  03 B4
F00:0091       			PUSH    {R0, R1, LR}
               S01:00000190:  03 B5
F00:0092       			POP     {R0, R1}
               S01:00000192:  03 BC
F00:0093       			POP     {R0, R1, PC}
               S01:00000194:  03 BD
F00:0094       			STMIA   R0!, {R1, R2}   ;5.15
               S01:00000196:  06 C0
F00:0095       			LDMIA   R0!, {R1, R2}
               S01:00000198:  06 C8
F00:0096       			BEQ     label_          ;5.16
               S01:0000019A:  AB D0
F00:0097       			BNE     label_
               S01:0000019C:  AA D1
F00:0098       			BCS     label_
               S01:0000019E:  A9 D2
F00:0099       			BCC     label_
               S01:000001A0:  A8 D3
F00:0100       			BMI     label_
               S01:000001A2:  A7 D4
F00:0101       			BPL     label_
               S01:000001A4:  A6 D5
F00:0102       			BVS     label_
               S01:000001A6:  A5 D6
F00:0103       			BVC     label_
               S01:000001A8:  A4 D7
F00:0104       			BHI     label_
               S01:000001AA:  A3 D8
F00:0105       			BLS     label_
               S01:000001AC:  A2 D9
F00:0106       			BGE     label_
               S01:000001AE:  A1 DA
F00:0107       			BLT     label_
               S01:000001B0:  A0 DB
F00:0108       			BGT     label_
               S01:000001B2:  9F DC
F00:0109       			BLE     label_
               S01:000001B4:  9E DD
F00:0110       			SWI     0              ;5.17
               S01:000001B6:  00 DF
F00:0111       			SWI     255
               S01:000001B8:  FF DF
F00:0112       			B       label_         ;5.18
               S01:000001BA:  9B E7
F00:0113       			B       over
               S01:000001BC:  2B E0
F00:0114       			BL      label_         ;5.19
               S01:000001BE:  FF F7 99 FF
F00:0115       			BL      over
               S01:000001C2:  00 F0 28 F8
F00:0116       			CMP     R0, #45         ;Other 
               S01:000001C6:  2D 28
F00:0117       			BGT     over
               S01:000001C8:  25 DC
F00:0118       			B       locate
               S01:000001CA:  26 E0
F00:0119       			LSR     R2, R5, #27
               S01:000001CC:  EA 0E
F00:0120       			ADD     R0, R3, R4
               S01:000001CE:  18 19
F00:0121       			SUB     R6, R2, #6
               S01:000001D0:  96 1F
F00:0122       			MOV     R0, #127
               S01:000001D2:  7F 20
F00:0123       			CMP     R2, #62
               S01:000001D4:  3E 2A
F00:0124       			ADD     R1, #127
               S01:000001D6:  7F 31
F00:0125       			SUB     R6, #1
               S01:000001D8:  01 3E
F00:0126       			EOR     R3, R4
               S01:000001DA:  63 40
F00:0127       			ROR     R1, R0
               S01:000001DC:  C1 41
F00:0128       			NEG     R5, R3
               S01:000001DE:  5D 42
F00:0129       			CMP     R2, R6
               S01:000001E0:  B2 42
F00:0130       			MUL     R0, R7
               S01:000001E2:  78 43
F00:0131       			EOR     R3, R4
               S01:000001E4:  63 40
F00:0132       			ROR     R1, R0
               S01:000001E6:  C1 41
F00:0133       			NEG     R5, R3
               S01:000001E8:  5D 42
F00:0134       			CMP     R2, R6
               S01:000001EA:  B2 42
F00:0135       			MUL     R0, R7
               S01:000001EC:  78 43
F00:0136       			ADD     PC, R5
               S01:000001EE:  AF 44
F00:0137       			CMP     R4, R12
               S01:000001F0:  64 45
F00:0138       			MOV     PC, R14
               S01:000001F2:  F7 46
F00:0139       			LDR     R3, [PC, #844]
               S01:000001F4:  D3 4B
F00:0140       			STR     R3, [R2, R6]
               S01:000001F6:  93 51
F00:0141       			LDRB    R2, [R0, R7]
               S01:000001F8:  C2 5D
F00:0142       			STRH    R4, [R3, R0]
               S01:000001FA:  1C 52
F00:0143       			LDSB    R2, [R7, R1]
               S01:000001FC:  7A 56
F00:0144       			LDSH    R3, [R4, R2]
               S01:000001FE:  A3 5E
F00:0145       			LDR     R2, [R5, #116]
               S01:00000200:  6A 6F
F00:0146       			STRB    R1, [R0, #13]
               S01:00000202:  41 73
F00:0147       			STRH    R6, [R1, #56]
               S01:00000204:  0E 87
F00:0148       			LDRH    R4, [R7, #4]
               S01:00000206:  BC 88
F00:0149       			ADD     R2, PC, #572
               S01:00000208:  8F A2
F00:0150       			ADD     R6, SP, #212
               S01:0000020A:  35 AE
F00:0151       			ADD     SP, #68
               S01:0000020C:  11 B0
F00:0152       			ADD     SP, #104
               S01:0000020E:  1A B0
F00:0153       			PUSH    {R0-R4, LR}
               S01:00000210:  1F B5
F00:0154       			POP     {R2, R6, PC}
               S01:00000212:  44 BD
F00:0155       			STMIA   R0!, {R3, R4, R5, R6, R7}
